0 verbose cli /usr/local/bin/node /usr/local/bin/npm
1 info using npm@10.9.4
2 info using node@v21.7.3
3 silly config load:file:/usr/local/lib/node_modules/npm/npmrc
4 silly config load:file:/home/container/.npmrc
5 silly config load:file:/usr/local/etc/npmrc
6 verbose title npm install
7 verbose argv "install"
8 verbose logfile logs-max:10 dir:/home/container/.npm/_logs/2025-12-12T17_43_42_057Z-
9 verbose logfile /home/container/.npm/_logs/2025-12-12T17_43_42_057Z-debug-0.log
10 silly logfile start cleaning logs, removing 1 files
11 silly logfile done cleaning log files
12 silly packumentCache heap:614203392 maxSize:153550848 maxEntrySize:76775424
13 silly idealTree buildDeps
14 silly reify moves {}
15 silly audit bulk request {
15 silly audit   '@derockdev/discord-components-core': [ '3.6.1' ],
15 silly audit   '@derockdev/discord-components-react': [ '3.6.1' ],
15 silly audit   '@discordjs/builders': [ '1.13.0' ],
15 silly audit   '@discordjs/collection': [ '1.5.3', '2.1.1' ],
15 silly audit   '@discordjs/formatters': [ '0.6.1' ],
15 silly audit   '@discordjs/rest': [ '2.6.0' ],
15 silly audit   '@discordjs/util': [ '1.1.1' ],
15 silly audit   '@discordjs/ws': [ '1.2.3' ],
15 silly audit   '@fastify/busboy': [ '2.1.1' ],
15 silly audit   '@microsoft/signalr': [ '8.0.17' ],
15 silly audit   ws: [ '7.5.10', '8.18.3' ],
15 silly audit   '@mongodb-js/saslprep': [ '1.3.2' ],
15 silly audit   '@postman/form-data': [ '3.1.1' ],
15 silly audit   '@postman/tough-cookie': [ '4.1.3-postman.1' ],
15 silly audit   '@postman/tunnel-agent': [ '0.6.4' ],
15 silly audit   '@sapphire/async-queue': [ '1.5.5' ],
15 silly audit   '@sapphire/shapeshift': [ '4.0.0' ],
15 silly audit   '@sapphire/snowflake': [ '3.5.3' ],
15 silly audit   '@stencil/core': [ '3.4.2' ],
15 silly audit   '@types/node': [ '24.9.2' ],
15 silly audit   '@types/react': [ '19.2.2' ],
15 silly audit   '@types/webidl-conversions': [ '7.0.3' ],
15 silly audit   '@types/whatwg-url': [ '11.0.5' ],
15 silly audit   '@types/ws': [ '8.18.1' ],
15 silly audit   '@vladfrangu/async_event_emitter': [ '2.4.7' ],
15 silly audit   'abort-controller': [ '3.0.0' ],
15 silly audit   'agent-base': [ '7.1.4' ],
15 silly audit   asn1: [ '0.2.6' ],
15 silly audit   'assert-plus': [ '1.0.0' ],
15 silly audit   asynckit: [ '0.4.0' ],
15 silly audit   'aws-sign2': [ '0.7.0' ],
15 silly audit   aws4: [ '1.13.2' ],
15 silly audit   axios: [ '1.13.1' ],
15 silly audit   'bcrypt-pbkdf': [ '1.0.2' ],
15 silly audit   bluebird: [ '2.11.0' ],
15 silly audit   boolbase: [ '1.0.0' ],
15 silly audit   bson: [ '6.10.4' ],
15 silly audit   'call-bind-apply-helpers': [ '1.0.2' ],
15 silly audit   caseless: [ '0.12.0' ],
15 silly audit   chalk: [ '5.6.2' ],
15 silly audit   cheerio: [ '1.1.2' ],
15 silly audit   'cheerio-select': [ '2.1.0' ],
15 silly audit   undici: [ '7.16.0', '5.29.0', '6.21.3' ],
15 silly audit   clsx: [ '1.2.1' ],
15 silly audit   'combined-stream': [ '1.0.8' ],
15 silly audit   commander: [ '14.0.2' ],
15 silly audit   'core-util-is': [ '1.0.2' ],
15 silly audit   'css-select': [ '5.2.2' ],
15 silly audit   'css-what': [ '6.2.2' ],
15 silly audit   csstype: [ '3.1.3' ],
15 silly audit   dashdash: [ '1.14.1' ],
15 silly audit   debug: [ '4.4.3' ],
15 silly audit   'delayed-stream': [ '1.0.0' ],
15 silly audit   'discord-api-types': [ '0.38.31' ],
15 silly audit   'discord-html-transcripts': [ '3.2.0' ],
15 silly audit   'discord-markdown-parser': [ '1.1.0' ],
15 silly audit   'discord.js': [ '14.24.2' ],
15 silly audit   'dom-serializer': [ '2.0.0' ],
15 silly audit   entities: [ '4.5.0', '5.0.0', '6.0.1' ],
15 silly audit   domelementtype: [ '2.3.0' ],
15 silly audit   domhandler: [ '5.0.3' ],
15 silly audit   domutils: [ '3.2.2' ],
15 silly audit   'dunder-proto': [ '1.0.1' ],
15 silly audit   'ecc-jsbn': [ '0.1.2' ],
15 silly audit   'encoding-sniffer': [ '0.2.1' ],
15 silly audit   'es-define-property': [ '1.0.1' ],
15 silly audit   'es-errors': [ '1.3.0' ],
15 silly audit   'es-object-atoms': [ '1.1.1' ],
15 silly audit   'es-set-tostringtag': [ '2.1.0' ],
15 silly audit   'event-target-shim': [ '5.0.1' ],
15 silly audit   eventsource: [ '2.0.2' ],
15 silly audit   extend: [ '3.0.2' ],
15 silly audit   extsprintf: [ '1.3.0' ],
15 silly audit   'fast-deep-equal': [ '3.1.3' ],
15 silly audit   'fetch-cookie': [ '2.2.0' ],
15 silly audit   figlet: [ '1.9.3' ],
15 silly audit   'follow-redirects': [ '1.15.11' ],
15 silly audit   'forever-agent': [ '0.6.1' ],
15 silly audit   'form-data': [ '4.0.4' ],
15 silly audit   'fs-extra': [ '8.1.0' ],
15 silly audit   jsonfile: [ '4.0.0', '5.0.0' ],
15 silly audit   universalify: [ '0.1.2', '0.2.0' ],
15 silly audit   'function-bind': [ '1.1.2' ],
15 silly audit   'get-intrinsic': [ '1.3.0' ],
15 silly audit   'get-proto': [ '1.0.1' ],
15 silly audit   getpass: [ '0.1.7' ],
15 silly audit   gopd: [ '1.2.0' ],
15 silly audit   'graceful-fs': [ '4.2.11' ],
15 silly audit   'has-symbols': [ '1.1.0' ],
15 silly audit   'has-tostringtag': [ '1.0.2' ],
15 silly audit   hasown: [ '2.0.2' ],
15 silly audit   'hex-to-rgba': [ '2.0.1' ],
15 silly audit   'highlight.js': [ '11.11.1' ],
15 silly audit   htmlparser2: [ '10.0.0' ],
15 silly audit   'http-signature': [ '1.4.0' ],
15 silly audit   'iconv-lite': [ '0.6.3' ],
15 silly audit   'ip-address': [ '10.0.1' ],
15 silly audit   'is-typedarray': [ '1.0.0' ],
15 silly audit   isstream: [ '0.1.2' ],
15 silly audit   'js-tokens': [ '4.0.0' ],
15 silly audit   jsbn: [ '0.1.1' ],
15 silly audit   'json-schema': [ '0.4.0' ],
15 silly audit   'json-stringify-safe': [ '5.0.1' ],
15 silly audit   jsprim: [ '2.0.2' ],
15 silly audit   kareem: [ '2.6.3' ],
15 silly audit   lodash: [ '4.17.21' ],
15 silly audit   'lodash.snakecase': [ '4.1.1' ],
15 silly audit   'loose-envify': [ '1.4.0' ],
15 silly audit   'magic-bytes.js': [ '1.12.1' ],
15 silly audit   'math-intrinsics': [ '1.1.0' ],
15 silly audit   'memory-pager': [ '1.5.0' ],
15 silly audit   'mime-db': [ '1.52.0' ],
15 silly audit   'mime-types': [ '2.1.35' ],
15 silly audit   mongodb: [ '6.20.0' ],
15 silly audit   'mongodb-connection-string-url': [ '3.0.2' ],
15 silly audit   mongoose: [ '8.19.2' ],
15 silly audit   mpath: [ '0.9.0' ],
15 silly audit   mquery: [ '5.0.0' ],
15 silly audit   ms: [ '2.1.3' ],
15 silly audit   'noblox.js': [ '6.2.0' ],
15 silly audit   'node-fetch': [ '2.7.0' ],
15 silly audit   tr46: [ '0.0.3', '5.1.1' ],
15 silly audit   'webidl-conversions': [ '3.0.1', '7.0.0' ],
15 silly audit   'whatwg-url': [ '5.0.0', '14.2.0' ],
15 silly audit   'nth-check': [ '2.1.1' ],
15 silly audit   'oauth-sign': [ '0.9.0' ],
15 silly audit   parse5: [ '7.3.0' ],
15 silly audit   'parse5-htmlparser2-tree-adapter': [ '7.1.0' ],
15 silly audit   'parse5-parser-stream': [ '7.1.2' ],
15 silly audit   'postman-request': [ '2.88.1-postman.46' ],
15 silly audit   'proxy-from-env': [ '1.1.0' ],
15 silly audit   psl: [ '1.15.0' ],
15 silly audit   punycode: [ '2.3.1' ],
15 silly audit   qs: [ '6.5.3' ],
15 silly audit   querystringify: [ '2.2.0' ],
15 silly audit   react: [ '18.3.1' ],
15 silly audit   'react-dom': [ '18.3.1' ],
15 silly audit   'requires-port': [ '1.0.0' ],
15 silly audit   'safe-buffer': [ '5.2.1' ],
15 silly audit   'safer-buffer': [ '2.1.2' ],
15 silly audit   scheduler: [ '0.23.2' ],
15 silly audit   'set-cookie-parser': [ '2.7.2' ],
15 silly audit   sift: [ '17.1.3' ],
15 silly audit   'simple-markdown': [ '0.7.3' ],
15 silly audit   'smart-buffer': [ '4.2.0' ],
15 silly audit   socks: [ '2.8.7' ],
15 silly audit   'socks-proxy-agent': [ '8.0.5' ],
15 silly audit   'sparse-bitfield': [ '3.0.3' ],
15 silly audit   sshpk: [ '1.18.0' ],
15 silly audit   'stream-length': [ '1.0.2' ],
15 silly audit   'tough-cookie': [ '4.1.4' ],
15 silly audit   'ts-mixer': [ '6.0.4' ],
15 silly audit   tslib: [ '2.8.1' ],
15 silly audit   tweetnacl: [ '0.14.5' ],
15 silly audit   twemoji: [ '14.0.2' ],
15 silly audit   'twemoji-parser': [ '14.0.0' ],
15 silly audit   'undici-types': [ '7.16.0' ],
15 silly audit   'url-parse': [ '1.5.10' ],
15 silly audit   uuid: [ '8.3.2' ],
15 silly audit   verror: [ '1.10.0' ],
15 silly audit   'whatwg-encoding': [ '3.1.1' ],
15 silly audit   'whatwg-mimetype': [ '4.0.0' ]
15 silly audit }
16 http fetch POST 200 https://registry.npmjs.org/-/npm/v1/security/advisories/bulk 437ms
17 silly audit report {}
18 verbose cwd /home/container
19 verbose os Linux 6.8.0-86-generic
20 verbose node v21.7.3
21 verbose npm  v10.9.4
22 verbose exit 0
23 info ok
